(---------------------------------------------------------------------)
(                                                                     )
(    Create_devices LOG file                                          )
(                                                                     )
(    Drawing          : 66.brd                                        )
(    Software Version : 16.6-2015S108                                 )
(    Date/Time        : Tue May 19 14:47:16 2020                      )
(                                                                     )
(---------------------------------------------------------------------)



Device file 'E:/原理图PCB__赵中磊/CADENCE/EBF――FPGA系列/最终文件/AD DA Module/封装库/CADENCE格式/ebf FPGA ADC DAC 20191230_PCB库_Allegro格式/res_r0603_discrete_324k1.txt': written successfully.
Device file 'E:/原理图PCB__赵中磊/CADENCE/EBF――FPGA系列/最终文件/AD DA Module/封装库/CADENCE格式/ebf FPGA ADC DAC 20191230_PCB库_Allegro格式/res_r0603_discrete_182k1.txt': written successfully.
Device file 'E:/原理图PCB__赵中磊/CADENCE/EBF――FPGA系列/最终文件/AD DA Module/封装库/CADENCE格式/ebf FPGA ADC DAC 20191230_PCB库_Allegro格式/resadj_0_3386p-1_10k.txt': written successfully.
Device file 'E:/原理图PCB__赵中磊/CADENCE/EBF――FPGA系列/最终文件/AD DA Module/封装库/CADENCE格式/ebf FPGA ADC DAC 20191230_PCB库_Allegro格式/mc34063ad_sop8_mc34063a.txt': written successfully.
Device file 'E:/原理图PCB__赵中磊/CADENCE/EBF――FPGA系列/最终文件/AD DA Module/封装库/CADENCE格式/ebf FPGA ADC DAC 20191230_PCB库_Allegro格式/tl072_sop8_tl072.txt': written successfully.
Device file 'E:/原理图PCB__赵中磊/CADENCE/EBF――FPGA系列/最终文件/AD DA Module/封装库/CADENCE格式/ebf FPGA ADC DAC 20191230_PCB库_Allegro格式/cap_np_c0603_discrete_1nf.txt': written successfully.
Device file 'E:/原理图PCB__赵中磊/CADENCE/EBF――FPGA系列/最终文件/AD DA Module/封装库/CADENCE格式/ebf FPGA ADC DAC 20191230_PCB库_Allegro格式/cap_np_c0603_discrete_100pf.txt': written successfully.
Device file 'E:/原理图PCB__赵中磊/CADENCE/EBF――FPGA系列/最终文件/AD DA Module/封装库/CADENCE格式/ebf FPGA ADC DAC 20191230_PCB库_Allegro格式/res_r0603_discrete_3k1.txt': written successfully.
Device file 'E:/原理图PCB__赵中磊/CADENCE/EBF――FPGA系列/最终文件/AD DA Module/封装库/CADENCE格式/ebf FPGA ADC DAC 20191230_PCB库_Allegro格式/res_r0603_discrete_1k1.txt': written successfully.
Device file 'E:/原理图PCB__赵中磊/CADENCE/EBF――FPGA系列/最终文件/AD DA Module/封装库/CADENCE格式/ebf FPGA ADC DAC 20191230_PCB库_Allegro格式/res_r0603_discrete_2k1.txt': written successfully.
Device file 'E:/原理图PCB__赵中磊/CADENCE/EBF――FPGA系列/最终文件/AD DA Module/封装库/CADENCE格式/ebf FPGA ADC DAC 20191230_PCB库_Allegro格式/res_r0603_discrete_900k1.txt': written successfully.
Device file 'E:/原理图PCB__赵中磊/CADENCE/EBF――FPGA系列/最终文件/AD DA Module/封装库/CADENCE格式/ebf FPGA ADC DAC 20191230_PCB库_Allegro格式/res_r0603_discrete_100k1.txt': written successfully.
Device file 'E:/原理图PCB__赵中磊/CADENCE/EBF――FPGA系列/最终文件/AD DA Module/封装库/CADENCE格式/ebf FPGA ADC DAC 20191230_PCB库_Allegro格式/lqh32c_0_l1210_nlcv32t-220k-pf.txt': written successfully.
Device file 'E:/原理图PCB__赵中磊/CADENCE/EBF――FPGA系列/最终文件/AD DA Module/封装库/CADENCE格式/ebf FPGA ADC DAC 20191230_PCB库_Allegro格式/ct2012_0_ec6p3_220uf16v.txt': written successfully.
Device file 'E:/原理图PCB__赵中磊/CADENCE/EBF――FPGA系列/最终文件/AD DA Module/封装库/CADENCE格式/ebf FPGA ADC DAC 20191230_PCB库_Allegro格式/b5s_0_sma_thvt_312x312_rf-sma.txt': written successfully.
Device file 'E:/原理图PCB__赵中磊/CADENCE/EBF――FPGA系列/最终文件/AD DA Module/封装库/CADENCE格式/ebf FPGA ADC DAC 20191230_PCB库_Allegro格式/ad9280arszrl_ssop28_0r65_10r2x7.txt': written successfully.
Device file 'E:/原理图PCB__赵中磊/CADENCE/EBF――FPGA系列/最终文件/AD DA Module/封装库/CADENCE格式/ebf FPGA ADC DAC 20191230_PCB库_Allegro格式/ad9708aruz_tssop28_0r65_9r7x4r4.txt': written successfully.
Device file 'E:/原理图PCB__赵中磊/CADENCE/EBF――FPGA系列/最终文件/AD DA Module/封装库/CADENCE格式/ebf FPGA ADC DAC 20191230_PCB库_Allegro格式/tlv1117-33_sot223_ams1117-33.txt': written successfully.
Device file 'E:/原理图PCB__赵中磊/CADENCE/EBF――FPGA系列/最终文件/AD DA Module/封装库/CADENCE格式/ebf FPGA ADC DAC 20191230_PCB库_Allegro格式/res_r2512_discrete_51.txt': written successfully.
Device file 'E:/原理图PCB__赵中磊/CADENCE/EBF――FPGA系列/最终文件/AD DA Module/封装库/CADENCE格式/ebf FPGA ADC DAC 20191230_PCB库_Allegro格式/c1608_c0603_10uf16v.txt': written successfully.
Device file 'E:/原理图PCB__赵中磊/CADENCE/EBF――FPGA系列/最终文件/AD DA Module/封装库/CADENCE格式/ebf FPGA ADC DAC 20191230_PCB库_Allegro格式/c1608_c0603_1uf.txt': written successfully.
Device file 'E:/原理图PCB__赵中磊/CADENCE/EBF――FPGA系列/最终文件/AD DA Module/封装库/CADENCE格式/ebf FPGA ADC DAC 20191230_PCB库_Allegro格式/c1608_c0603_18pf.txt': written successfully.
Device file 'E:/原理图PCB__赵中磊/CADENCE/EBF――FPGA系列/最终文件/AD DA Module/封装库/CADENCE格式/ebf FPGA ADC DAC 20191230_PCB库_Allegro格式/c1608_c0603_72pf.txt': written successfully.
Device file 'E:/原理图PCB__赵中磊/CADENCE/EBF――FPGA系列/最终文件/AD DA Module/封装库/CADENCE格式/ebf FPGA ADC DAC 20191230_PCB库_Allegro格式/capnp_c0603_470pf.txt': written successfully.
Device file 'E:/原理图PCB__赵中磊/CADENCE/EBF――FPGA系列/最终文件/AD DA Module/封装库/CADENCE格式/ebf FPGA ADC DAC 20191230_PCB库_Allegro格式/c1608_c0603_10pf.txt': written successfully.
Device file 'E:/原理图PCB__赵中磊/CADENCE/EBF――FPGA系列/最终文件/AD DA Module/封装库/CADENCE格式/ebf FPGA ADC DAC 20191230_PCB库_Allegro格式/zdiode_0_sma_ic_ss14.txt': written successfully.
Device file 'E:/原理图PCB__赵中磊/CADENCE/EBF――FPGA系列/最终文件/AD DA Module/封装库/CADENCE格式/ebf FPGA ADC DAC 20191230_PCB库_Allegro格式/led_0_led0603_ic_red.txt': written successfully.
Device file 'E:/原理图PCB__赵中磊/CADENCE/EBF――FPGA系列/最终文件/AD DA Module/封装库/CADENCE格式/ebf FPGA ADC DAC 20191230_PCB库_Allegro格式/con40a_dip-2x20_2p54_con40a.txt': written successfully.
Device file 'E:/原理图PCB__赵中磊/CADENCE/EBF――FPGA系列/最终文件/AD DA Module/封装库/CADENCE格式/ebf FPGA ADC DAC 20191230_PCB库_Allegro格式/lqh32c_0_l7373_smrh74-101m.txt': written successfully.
Device file 'E:/原理图PCB__赵中磊/CADENCE/EBF――FPGA系列/最终文件/AD DA Module/封装库/CADENCE格式/ebf FPGA ADC DAC 20191230_PCB库_Allegro格式/inductor_l0603_discrete_470nh.txt': written successfully.
Device file 'E:/原理图PCB__赵中磊/CADENCE/EBF――FPGA系列/最终文件/AD DA Module/封装库/CADENCE格式/ebf FPGA ADC DAC 20191230_PCB库_Allegro格式/inductor_l0603_discrete_820nh.txt': written successfully.
Device file 'E:/原理图PCB__赵中磊/CADENCE/EBF――FPGA系列/最终文件/AD DA Module/封装库/CADENCE格式/ebf FPGA ADC DAC 20191230_PCB库_Allegro格式/res_r0603_discrete_024r.txt': written successfully.
Device file 'E:/原理图PCB__赵中磊/CADENCE/EBF――FPGA系列/最终文件/AD DA Module/封装库/CADENCE格式/ebf FPGA ADC DAC 20191230_PCB库_Allegro格式/res_r0603_discrete_22r.txt': written successfully.
Device file 'E:/原理图PCB__赵中磊/CADENCE/EBF――FPGA系列/最终文件/AD DA Module/封装库/CADENCE格式/ebf FPGA ADC DAC 20191230_PCB库_Allegro格式/ad8065art_sot23-5_ad8065art.txt': written successfully.
Device file 'E:/原理图PCB__赵中磊/CADENCE/EBF――FPGA系列/最终文件/AD DA Module/封装库/CADENCE格式/ebf FPGA ADC DAC 20191230_PCB库_Allegro格式/c1608_c0603_01uf.txt': written successfully.
Device file 'E:/原理图PCB__赵中磊/CADENCE/EBF――FPGA系列/最终文件/AD DA Module/封装库/CADENCE格式/ebf FPGA ADC DAC 20191230_PCB库_Allegro格式/cap_np_c0603_discrete_01uf.txt': written successfully.
Device file 'E:/原理图PCB__赵中磊/CADENCE/EBF――FPGA系列/最终文件/AD DA Module/封装库/CADENCE格式/ebf FPGA ADC DAC 20191230_PCB库_Allegro格式/res_r0603_discrete_100r.txt': written successfully.
Device file 'E:/原理图PCB__赵中磊/CADENCE/EBF――FPGA系列/最终文件/AD DA Module/封装库/CADENCE格式/ebf FPGA ADC DAC 20191230_PCB库_Allegro格式/res_r0603_discrete_2k.txt': written successfully.
Device file 'E:/原理图PCB__赵中磊/CADENCE/EBF――FPGA系列/最终文件/AD DA Module/封装库/CADENCE格式/ebf FPGA ADC DAC 20191230_PCB库_Allegro格式/res_5_r0603_discrete_1k.txt': written successfully.
Device file 'E:/原理图PCB__赵中磊/CADENCE/EBF――FPGA系列/最终文件/AD DA Module/封装库/CADENCE格式/ebf FPGA ADC DAC 20191230_PCB库_Allegro格式/ct2012_0_ec6p3_100uf16v.txt': written successfully.
Device file 'E:/原理图PCB__赵中磊/CADENCE/EBF――FPGA系列/最终文件/AD DA Module/封装库/CADENCE格式/ebf FPGA ADC DAC 20191230_PCB库_Allegro格式/res_r0603_discrete_1k.txt': written successfully.

  Created device files: 41

